<?xml version="1.0" encoding="UTF-8"?>
<!-- Generated by org.testng.reporters.JUnitXMLReporter -->
<testsuite ignored="0" hostname="LP-TZD-0X45749" failures="0" tests="8" name="Default test" time="194.836" errors="0" timestamp="2026-02-07T09:26:53 IST">
  <testcase classname="com.orhrm.tests.logintest_project" name="BathRoom" time="22.194"/>
  <testcase classname="com.orhrm.tests.logintest_project" name="BedroomDesign" time="21.708"/>
  <testcase classname="com.orhrm.tests.logintest_project" name="DiningRoom" time="20.386"/>
  <testcase classname="com.orhrm.tests.logintest_project" name="HomeOffice" time="21.928"/>
  <testcase classname="com.orhrm.tests.logintest_project" name="LivingRoomDesign" time="20.953"/>
  <testcase classname="com.orhrm.tests.logintest_project" name="ModularKitchenDesign" time="22.818"/>
  <testcase classname="com.orhrm.tests.logintest_project" name="color" time="25.476"/>
  <testcase classname="com.orhrm.tests.logintest_project" name="homeDesign" time="12.182"/>
</testsuite> <!-- Default test -->
