<?xml version="1.0" encoding="UTF-8"?>
<testng-results ignored="0" total="8" passed="8" failed="0" skipped="0">
  <reporter-output>
  </reporter-output>
  <suite started-at="2026-02-07T09:23:38 IST" name="Default suite" finished-at="2026-02-07T09:26:53 IST" duration-ms="194836">
    <groups>
    </groups>
    <test started-at="2026-02-07T09:23:38 IST" name="Default test" finished-at="2026-02-07T09:26:53 IST" duration-ms="194836">
      <class name="com.orhrm.tests.logintest_project">
        <test-method is-config="true" signature="beforeMethod()[pri:0, instance:com.orhrm.tests.logintest_project@41488b16]" started-at="2026-02-07T09:23:38 IST" name="beforeMethod" finished-at="2026-02-07T09:23:44 IST" duration-ms="6293" status="PASS">
          <reporter-output>
          </reporter-output>
        </test-method> <!-- beforeMethod -->
        <test-method signature="BathRoom()[pri:0, instance:com.orhrm.tests.logintest_project@41488b16]" started-at="2026-02-07T09:23:44 IST" name="BathRoom" finished-at="2026-02-07T09:24:06 IST" duration-ms="22194" status="PASS">
          <reporter-output>
          </reporter-output>
        </test-method> <!-- BathRoom -->
        <test-method is-config="true" signature="afterMethod()[pri:0, instance:com.orhrm.tests.logintest_project@41488b16]" started-at="2026-02-07T09:24:06 IST" name="afterMethod" finished-at="2026-02-07T09:24:07 IST" duration-ms="630" status="PASS">
          <reporter-output>
          </reporter-output>
        </test-method> <!-- afterMethod -->
        <test-method is-config="true" signature="beforeMethod()[pri:0, instance:com.orhrm.tests.logintest_project@41488b16]" started-at="2026-02-07T09:24:07 IST" name="beforeMethod" finished-at="2026-02-07T09:24:09 IST" duration-ms="2167" status="PASS">
          <reporter-output>
          </reporter-output>
        </test-method> <!-- beforeMethod -->
        <test-method signature="BedroomDesign()[pri:0, instance:com.orhrm.tests.logintest_project@41488b16]" started-at="2026-02-07T09:24:09 IST" name="BedroomDesign" finished-at="2026-02-07T09:24:31 IST" duration-ms="21708" status="PASS">
          <reporter-output>
          </reporter-output>
        </test-method> <!-- BedroomDesign -->
        <test-method is-config="true" signature="afterMethod()[pri:0, instance:com.orhrm.tests.logintest_project@41488b16]" started-at="2026-02-07T09:24:31 IST" name="afterMethod" finished-at="2026-02-07T09:24:32 IST" duration-ms="1210" status="PASS">
          <reporter-output>
          </reporter-output>
        </test-method> <!-- afterMethod -->
        <test-method is-config="true" signature="beforeMethod()[pri:0, instance:com.orhrm.tests.logintest_project@41488b16]" started-at="2026-02-07T09:24:32 IST" name="beforeMethod" finished-at="2026-02-07T09:24:34 IST" duration-ms="2147" status="PASS">
          <reporter-output>
          </reporter-output>
        </test-method> <!-- beforeMethod -->
        <test-method signature="DiningRoom()[pri:0, instance:com.orhrm.tests.logintest_project@41488b16]" started-at="2026-02-07T09:24:34 IST" name="DiningRoom" finished-at="2026-02-07T09:24:55 IST" duration-ms="20386" status="PASS">
          <reporter-output>
          </reporter-output>
        </test-method> <!-- DiningRoom -->
        <test-method is-config="true" signature="afterMethod()[pri:0, instance:com.orhrm.tests.logintest_project@41488b16]" started-at="2026-02-07T09:24:55 IST" name="afterMethod" finished-at="2026-02-07T09:24:55 IST" duration-ms="529" status="PASS">
          <reporter-output>
          </reporter-output>
        </test-method> <!-- afterMethod -->
        <test-method is-config="true" signature="beforeMethod()[pri:0, instance:com.orhrm.tests.logintest_project@41488b16]" started-at="2026-02-07T09:24:55 IST" name="beforeMethod" finished-at="2026-02-07T09:24:57 IST" duration-ms="1922" status="PASS">
          <reporter-output>
          </reporter-output>
        </test-method> <!-- beforeMethod -->
        <test-method signature="HomeOffice()[pri:0, instance:com.orhrm.tests.logintest_project@41488b16]" started-at="2026-02-07T09:24:57 IST" name="HomeOffice" finished-at="2026-02-07T09:25:19 IST" duration-ms="21928" status="PASS">
          <reporter-output>
          </reporter-output>
        </test-method> <!-- HomeOffice -->
        <test-method is-config="true" signature="afterMethod()[pri:0, instance:com.orhrm.tests.logintest_project@41488b16]" started-at="2026-02-07T09:25:19 IST" name="afterMethod" finished-at="2026-02-07T09:25:20 IST" duration-ms="527" status="PASS">
          <reporter-output>
          </reporter-output>
        </test-method> <!-- afterMethod -->
        <test-method is-config="true" signature="beforeMethod()[pri:0, instance:com.orhrm.tests.logintest_project@41488b16]" started-at="2026-02-07T09:25:20 IST" name="beforeMethod" finished-at="2026-02-07T09:25:22 IST" duration-ms="2121" status="PASS">
          <reporter-output>
          </reporter-output>
        </test-method> <!-- beforeMethod -->
        <test-method signature="LivingRoomDesign()[pri:0, instance:com.orhrm.tests.logintest_project@41488b16]" started-at="2026-02-07T09:25:22 IST" name="LivingRoomDesign" finished-at="2026-02-07T09:25:43 IST" duration-ms="20953" status="PASS">
          <reporter-output>
          </reporter-output>
        </test-method> <!-- LivingRoomDesign -->
        <test-method is-config="true" signature="afterMethod()[pri:0, instance:com.orhrm.tests.logintest_project@41488b16]" started-at="2026-02-07T09:25:43 IST" name="afterMethod" finished-at="2026-02-07T09:25:43 IST" duration-ms="631" status="PASS">
          <reporter-output>
          </reporter-output>
        </test-method> <!-- afterMethod -->
        <test-method is-config="true" signature="beforeMethod()[pri:0, instance:com.orhrm.tests.logintest_project@41488b16]" started-at="2026-02-07T09:25:43 IST" name="beforeMethod" finished-at="2026-02-07T09:25:45 IST" duration-ms="1996" status="PASS">
          <reporter-output>
          </reporter-output>
        </test-method> <!-- beforeMethod -->
        <test-method signature="ModularKitchenDesign()[pri:0, instance:com.orhrm.tests.logintest_project@41488b16]" started-at="2026-02-07T09:25:45 IST" name="ModularKitchenDesign" finished-at="2026-02-07T09:26:08 IST" duration-ms="22818" status="PASS">
          <reporter-output>
          </reporter-output>
        </test-method> <!-- ModularKitchenDesign -->
        <test-method is-config="true" signature="afterMethod()[pri:0, instance:com.orhrm.tests.logintest_project@41488b16]" started-at="2026-02-07T09:26:08 IST" name="afterMethod" finished-at="2026-02-07T09:26:09 IST" duration-ms="1171" status="PASS">
          <reporter-output>
          </reporter-output>
        </test-method> <!-- afterMethod -->
        <test-method is-config="true" signature="beforeMethod()[pri:0, instance:com.orhrm.tests.logintest_project@41488b16]" started-at="2026-02-07T09:26:09 IST" name="beforeMethod" finished-at="2026-02-07T09:26:11 IST" duration-ms="2135" status="PASS">
          <reporter-output>
          </reporter-output>
        </test-method> <!-- beforeMethod -->
        <test-method signature="color(java.lang.String)[pri:0, instance:com.orhrm.tests.logintest_project@41488b16]" started-at="2026-02-07T09:26:11 IST" name="color" data-provider="logindata" finished-at="2026-02-07T09:26:37 IST" duration-ms="25476" status="PASS">
          <params>
            <param index="0">
              <value>
                <![CDATA[https://www.asianpaints.com/]]>
              </value>
            </param>
          </params>
          <reporter-output>
          </reporter-output>
        </test-method> <!-- color -->
        <test-method is-config="true" signature="afterMethod()[pri:0, instance:com.orhrm.tests.logintest_project@41488b16]" started-at="2026-02-07T09:26:37 IST" name="afterMethod" finished-at="2026-02-07T09:26:38 IST" duration-ms="914" status="PASS">
          <reporter-output>
          </reporter-output>
        </test-method> <!-- afterMethod -->
        <test-method is-config="true" signature="beforeMethod()[pri:0, instance:com.orhrm.tests.logintest_project@41488b16]" started-at="2026-02-07T09:26:38 IST" name="beforeMethod" finished-at="2026-02-07T09:26:40 IST" duration-ms="1943" status="PASS">
          <reporter-output>
          </reporter-output>
        </test-method> <!-- beforeMethod -->
        <test-method signature="homeDesign()[pri:0, instance:com.orhrm.tests.logintest_project@41488b16]" started-at="2026-02-07T09:26:40 IST" name="homeDesign" finished-at="2026-02-07T09:26:52 IST" duration-ms="12182" status="PASS">
          <reporter-output>
          </reporter-output>
        </test-method> <!-- homeDesign -->
        <test-method is-config="true" signature="afterMethod()[pri:0, instance:com.orhrm.tests.logintest_project@41488b16]" started-at="2026-02-07T09:26:52 IST" name="afterMethod" finished-at="2026-02-07T09:26:53 IST" duration-ms="745" status="PASS">
          <reporter-output>
          </reporter-output>
        </test-method> <!-- afterMethod -->
      </class> <!-- com.orhrm.tests.logintest_project -->
    </test> <!-- Default test -->
  </suite> <!-- Default suite -->
</testng-results>
