<?xml version="1.0" encoding="UTF-8"?>
<testng-results ignored="0" total="1" passed="1" failed="0" skipped="0">
  <reporter-output>
  </reporter-output>
  <suite started-at="2026-01-28T12:04:52 IST" name="Default suite" finished-at="2026-01-28T12:05:10 IST" duration-ms="18019">
    <groups>
    </groups>
    <test started-at="2026-01-28T12:04:52 IST" name="Default test" finished-at="2026-01-28T12:05:10 IST" duration-ms="18019">
      <class name="SeleniumPack.Lab12">
        <test-method is-config="true" signature="setUp()[pri:0, instance:SeleniumPack.Lab12@24aed80c]" started-at="2026-01-28T12:04:52 IST" name="setUp" finished-at="2026-01-28T12:04:56 IST" duration-ms="4102" status="PASS">
          <reporter-output>
          </reporter-output>
        </test-method> <!-- setUp -->
        <test-method signature="lab4()[pri:0, instance:SeleniumPack.Lab12@24aed80c]" started-at="2026-01-28T12:04:56 IST" name="lab4" finished-at="2026-01-28T12:05:09 IST" duration-ms="13330" status="PASS">
          <reporter-output>
          </reporter-output>
        </test-method> <!-- lab4 -->
        <test-method is-config="true" signature="tearDown()[pri:0, instance:SeleniumPack.Lab12@24aed80c]" started-at="2026-01-28T12:05:09 IST" name="tearDown" finished-at="2026-01-28T12:05:10 IST" duration-ms="503" status="PASS">
          <reporter-output>
          </reporter-output>
        </test-method> <!-- tearDown -->
      </class> <!-- SeleniumPack.Lab12 -->
    </test> <!-- Default test -->
  </suite> <!-- Default suite -->
</testng-results>
