<?xml version="1.0" encoding="UTF-8"?>
<!-- Generated by org.testng.reporters.JUnitReportReporter -->
<testsuite hostname="LP-TZD-0X45749" failures="0" tests="2" name="SeleniumPack.TC_TestNgTest_PageFactory" time="34.020" errors="0" timestamp="2026-01-27T11:38:41 IST" skipped="0">
  <testcase classname="SeleniumPack.TC_TestNgTest_PageFactory" name="f" time="18.654"/>
  <testcase classname="SeleniumPack.TC_TestNgTest_PageFactory" name="f" time="15.366"/>
</testsuite> <!-- SeleniumPack.TC_TestNgTest_PageFactory -->
