<?xml version="1.0" encoding="UTF-8"?>
<!-- Generated by org.testng.reporters.JUnitReportReporter -->
<testsuite hostname="LP-TZD-0X45749" failures="0" tests="3" name="RestAPITesting.GET_User" time="6.261" errors="0" timestamp="2026-01-30T09:57:36 IST" skipped="0">
  <testcase classname="RestAPITesting.GET_User" name="getuser" time="0.373"/>
  <testcase classname="RestAPITesting.GET_User" name="get2user" time="5.421"/>
  <testcase classname="RestAPITesting.GET_User" name="get3user" time="0.467"/>
</testsuite> <!-- RestAPITesting.GET_User -->
