<?xml version="1.0" encoding="UTF-8"?>
<!-- Generated by org.testng.reporters.JUnitReportReporter -->
<testsuite hostname="LP-TZD-0X45749" failures="0" tests="8" name="com.orhrm.tests.logintest_project" time="194.726" errors="0" timestamp="2026-02-07T09:26:53 IST" skipped="0">
  <testcase classname="com.orhrm.tests.logintest_project" name="DiningRoom" time="23.717"/>
  <testcase classname="com.orhrm.tests.logintest_project" name="color" time="27.946"/>
  <testcase classname="com.orhrm.tests.logintest_project" name="homeDesign" time="15.092"/>
  <testcase classname="com.orhrm.tests.logintest_project" name="BathRoom" time="24.991"/>
  <testcase classname="com.orhrm.tests.logintest_project" name="LivingRoomDesign" time="23.731"/>
  <testcase classname="com.orhrm.tests.logintest_project" name="BedroomDesign" time="29.172"/>
  <testcase classname="com.orhrm.tests.logintest_project" name="HomeOffice" time="24.808"/>
  <testcase classname="com.orhrm.tests.logintest_project" name="ModularKitchenDesign" time="25.269"/>
</testsuite> <!-- com.orhrm.tests.logintest_project -->
