<?xml version="1.0" encoding="UTF-8"?>
<!-- Generated by org.testng.reporters.JUnitReportReporter -->
<testsuite hostname="LP-TZD-0X45749" failures="0" tests="3" name="SeleniumPack.lab8Q1" time="8.515" errors="0" timestamp="2026-01-27T12:38:29 IST" skipped="0">
  <testcase classname="SeleniumPack.lab8Q1" name="f" time="0.463"/>
  <testcase classname="SeleniumPack.lab8Q1" name="verifyopencartflow" time="5.674"/>
  <testcase classname="SeleniumPack.lab8Q1" name="f" time="2.378"/>
</testsuite> <!-- SeleniumPack.lab8Q1 -->
